Using pre-set license
Built from '2021.2/china_support/instantgame/staging' branch; Version is '2021.2.5f1c301 (8bd2ddd0516e) revision 9163485'; Using compiler version '192829333'; Build Type 'Release'
OS: 'Windows 11  (10.0.22631) 64bit Professional' Language: 'zh' Physical Memory: 32577 MB
BatchMode: 1, IsHumanControllingUs: 0, StartBugReporterOnCrash: 0, Is64bit: 1, IsPro: 0

COMMAND LINE ARGUMENTS:
C:\Program Files\Unity 2021.2.5f1c301\Editor\Unity.exe
-adb2
-batchMode
-noUpm
-name
AssetImportWorker0
-projectPath
G:/Project_TD
-logFile
Logs/AssetImportWorker0.log
-srvPort
52230
Successfully changed project path to: G:/Project_TD
G:/Project_TD
[UnityMemory] Configuration Parameters - Can be set up in boot.config
    "memorysetup-bucket-allocator-granularity=16"
    "memorysetup-bucket-allocator-bucket-count=8"
    "memorysetup-bucket-allocator-block-size=33554432"
    "memorysetup-bucket-allocator-block-count=8"
    "memorysetup-main-allocator-block-size=16777216"
    "memorysetup-thread-allocator-block-size=16777216"
    "memorysetup-gfx-main-allocator-block-size=16777216"
    "memorysetup-gfx-thread-allocator-block-size=16777216"
    "memorysetup-cache-allocator-block-size=4194304"
    "memorysetup-typetree-allocator-block-size=2097152"
    "memorysetup-profiler-bucket-allocator-granularity=16"
    "memorysetup-profiler-bucket-allocator-bucket-count=8"
    "memorysetup-profiler-bucket-allocator-block-size=33554432"
    "memorysetup-profiler-bucket-allocator-block-count=8"
    "memorysetup-profiler-allocator-block-size=16777216"
    "memorysetup-profiler-editor-allocator-block-size=1048576"
    "memorysetup-temp-allocator-size-main=16777216"
    "memorysetup-job-temp-allocator-block-size=2097152"
    "memorysetup-job-temp-allocator-block-size-background=1048576"
    "memorysetup-job-temp-allocator-reduction-small-platforms=262144"
    "memorysetup-temp-allocator-size-background-worker=32768"
    "memorysetup-temp-allocator-size-job-worker=262144"
    "memorysetup-temp-allocator-size-preload-manager=33554432"
    "memorysetup-temp-allocator-size-nav-mesh-worker=65536"
    "memorysetup-temp-allocator-size-audio-worker=65536"
    "memorysetup-temp-allocator-size-cloud-worker=32768"
    "memorysetup-temp-allocator-size-gi-baking-worker=262144"
    "memorysetup-temp-allocator-size-gfx=262144"
AS: AutoStreaming module initializing.
Refreshing native plugins compatible for Editor in 64.53 ms, found 3 plugins.
Preloading 0 native plugins for Editor in 0.00 ms.
Initialize engine version: 2021.2.5f1c301 (8bd2ddd0516e)
[Subsystems] Discovering subsystems at path C:/Program Files/Unity 2021.2.5f1c301/Editor/Data/Resources/UnitySubsystems
[Subsystems] Discovering subsystems at path G:/Project_TD/Assets
GfxDevice: creating device client; threaded=0; jobified=0
Direct3D:
    Version:  Direct3D 11.0 [level 11.1]
    Renderer: Intel(R) UHD Graphics 750 (ID=0x4c8a)
    Vendor:   Intel
    VRAM:     16288 MB
    Driver:   31.0.101.5186
Initialize mono
Mono path[0] = 'C:/Program Files/Unity 2021.2.5f1c301/Editor/Data/Managed'
Mono path[1] = 'C:/Program Files/Unity 2021.2.5f1c301/Editor/Data/MonoBleedingEdge/lib/mono/unityjit-win32'
Mono config path = 'C:/Program Files/Unity 2021.2.5f1c301/Editor/Data/MonoBleedingEdge/etc'
Using monoOptions --debugger-agent=transport=dt_socket,embedding=1,server=y,suspend=n,address=127.0.0.1:56620
Begin MonoManager ReloadAssembly
Registering precompiled unity dll's ...
Register platform support module: C:/Program Files/Unity 2021.2.5f1c301/Editor/Data/PlaybackEngines/WebGLSupport/UnityEditor.WebGL.Extensions.dll
Register platform support module: C:/Program Files/Unity 2021.2.5f1c301/Editor/Data/PlaybackEngines/WindowsStandaloneSupport/UnityEditor.WindowsStandalone.Extensions.dll
Registered in 0.003061 seconds.
Native extension for WindowsStandalone target not found
Native extension for WebGL target not found
Refreshing native plugins compatible for Editor in 68.33 ms, found 3 plugins.
Preloading 0 native plugins for Editor in 0.00 ms.
Mono: successfully reloaded assembly
- Completed reload, in  0.506 seconds
Domain Reload Profiling:
	ReloadAssembly (506ms)
		BeginReloadAssembly (61ms)
			ExecutionOrderSort (0ms)
			DisableScriptedObjects (0ms)
			BackupInstance (0ms)
			ReleaseScriptingObjects (0ms)
			CreateAndSetChildDomain (1ms)
		EndReloadAssembly (380ms)
			LoadAssemblies (60ms)
			RebuildTransferFunctionScriptingTraits (0ms)
			SetupTypeCache (83ms)
			ReleaseScriptCaches (0ms)
			RebuildScriptCaches (25ms)
			SetupLoadedEditorAssemblies (229ms)
				LogAssemblyErrors (0ms)
				InitializePlatformSupportModulesInManaged (13ms)
				SetLoadedEditorAssemblies (0ms)
				RefreshPlugins (68ms)
				BeforeProcessingInitializeOnLoad (1ms)
				ProcessInitializeOnLoadAttributes (107ms)
				ProcessInitializeOnLoadMethodAttributes (39ms)
				AfterProcessingInitializeOnLoad (0ms)
				EditorAssembliesLoaded (0ms)
			ExecutionOrderSort2 (0ms)
			AwakeInstancesAfterBackupRestoration (0ms)
Platform modules already initialized, skipping
Registering precompiled user dll's ...
Registered in 0.002473 seconds.
Begin MonoManager ReloadAssembly
Symbol file LoadedFromMemory doesn't match image G:\Project_TD\Library\PackageCache\com.unity.visualscripting@1.7.5\Editor\VisualScripting.Core\Dependencies\YamlDotNet\Unity.VisualScripting.YamlDotNet.dll
Symbol file LoadedFromMemory doesn't match image G:\Project_TD\Library\PackageCache\com.unity.visualscripting@1.7.5\Editor\VisualScripting.Core\Dependencies\DotNetZip\Unity.VisualScripting.IonicZip.dll
Native extension for WindowsStandalone target not found
Native extension for WebGL target not found
Refreshing native plugins compatible for Editor in 0.42 ms, found 3 plugins.
Preloading 0 native plugins for Editor in 0.00 ms.
Mono: successfully reloaded assembly
- Completed reload, in  0.941 seconds
Domain Reload Profiling:
	ReloadAssembly (941ms)
		BeginReloadAssembly (142ms)
			ExecutionOrderSort (0ms)
			DisableScriptedObjects (4ms)
			BackupInstance (0ms)
			ReleaseScriptingObjects (0ms)
			CreateAndSetChildDomain (19ms)
		EndReloadAssembly (720ms)
			LoadAssemblies (63ms)
			RebuildTransferFunctionScriptingTraits (0ms)
			SetupTypeCache (214ms)
			ReleaseScriptCaches (1ms)
			RebuildScriptCaches (43ms)
			SetupLoadedEditorAssemblies (311ms)
				LogAssemblyErrors (0ms)
				InitializePlatformSupportModulesInManaged (13ms)
				SetLoadedEditorAssemblies (0ms)
				RefreshPlugins (0ms)
				BeforeProcessingInitializeOnLoad (74ms)
				ProcessInitializeOnLoadAttributes (195ms)
				ProcessInitializeOnLoadMethodAttributes (19ms)
				AfterProcessingInitializeOnLoad (8ms)
				EditorAssembliesLoaded (0ms)
			ExecutionOrderSort2 (0ms)
			AwakeInstancesAfterBackupRestoration (7ms)
Platform modules already initialized, skipping
========================================================================
Worker process is ready to serve import requests
Launched and connected shader compiler UnityShaderCompiler.exe after 0.05 seconds
Refreshing native plugins compatible for Editor in 0.39 ms, found 3 plugins.
Preloading 0 native plugins for Editor in 0.00 ms.
Unloading 3212 Unused Serialized files (Serialized files now loaded: 0)
Unloading 24 unused Assets / (55.6 KB). Loaded Objects now: 3671.
Memory consumption went from 114.9 MB to 114.9 MB.
Total: 2.261200 ms (FindLiveObjects: 0.237800 ms CreateObjectMapping: 0.100900 ms MarkObjects: 1.858600 ms  DeleteObjects: 0.062700 ms)

AssetImportParameters requested are different than current active one (requested -> active):
  custom:video-decoder-ogg-theora: a1e56fd34408186e4bbccfd4996cb3dc -> 
  custom:container-muxer-webm: aa71ff27fc2769a1b78a27578f13a17b -> 
  custom:container-demuxer-webm: 4f35f7cbe854078d1ac9338744f61a02 -> 
  custom:video-encoder-webm-vp8: eb34c28f22e8b96e1ab97ce403110664 -> 
  custom:audio-encoder-webm-vorbis: bf7c407c2cedff20999df2af8eb42d56 -> 
  custom:framework-win-MediaFoundation: 216162199b28c13a410421893ffa2e32 -> 
  custom:container-demuxer-ogg: 62fdf1f143b41e24485cea50d1cbac27 -> 
  custom:video-decoder-webm-vp8: 9c59270c3fd7afecdb556c50c9e8de78 -> 
  custom:audio-decoder-ogg-vorbis: bf7c407c2cedff20999df2af8eb42d56 -> 
========================================================================
Received Import Request.
  Time since last request: 1134292.241488 seconds.
  path: Assets/Scenes
  artifactKey: Guid(6ea315d0fd7389c41b19996891e99ae3) Importer(815301076,1909f56bfc062723c751e8b465ee728b)
Start importing Assets/Scenes using Guid(6ea315d0fd7389c41b19996891e99ae3) Importer(815301076,1909f56bfc062723c751e8b465ee728b)  -> (artifact id: 'b8193726cff86800c54781cdc6d54904') in 0.011281 seconds 
========================================================================
Received Import Request.
  Time since last request: 29.683741 seconds.
  path: Assets/Texture2D
  artifactKey: Guid(0e6eaafd666dd5647b958a9da5cb96b0) Importer(815301076,1909f56bfc062723c751e8b465ee728b)
Start importing Assets/Texture2D using Guid(0e6eaafd666dd5647b958a9da5cb96b0) Importer(815301076,1909f56bfc062723c751e8b465ee728b)  -> (artifact id: '234b5437ba8e07b1c77f3f637fa95863') in 0.005829 seconds 
========================================================================
Received Import Request.
  Time since last request: 0.574064 seconds.
  path: Assets/Texture2D/ArmedGoldMine.png
  artifactKey: Guid(2791a3f3d79a8584c87a14f38501f287) Importer(815301076,1909f56bfc062723c751e8b465ee728b)
Start importing Assets/Texture2D/ArmedGoldMine.png using Guid(2791a3f3d79a8584c87a14f38501f287) Importer(815301076,1909f56bfc062723c751e8b465ee728b)  -> (artifact id: 'd48ade591bc96a0a5e86eec8601a7ba3') in 0.084265 seconds 
========================================================================
Received Import Request.
  Time since last request: 0.000021 seconds.
  path: Assets/Texture2D/ButtonSelectLine4.png
  artifactKey: Guid(259cf1747bde0764f82ec449781199f2) Importer(815301076,1909f56bfc062723c751e8b465ee728b)
Start importing Assets/Texture2D/ButtonSelectLine4.png using Guid(259cf1747bde0764f82ec449781199f2) Importer(815301076,1909f56bfc062723c751e8b465ee728b)  -> (artifact id: 'd7cbee08e3106d11efa6707e8192c80b') in 0.012506 seconds 
========================================================================
Received Import Request.
  Time since last request: 0.000027 seconds.
  path: Assets/Texture2D/Crystal.png
  artifactKey: Guid(3ef24114d76252a4b845397aabbbc546) Importer(815301076,1909f56bfc062723c751e8b465ee728b)
Start importing Assets/Texture2D/Crystal.png using Guid(3ef24114d76252a4b845397aabbbc546) Importer(815301076,1909f56bfc062723c751e8b465ee728b)  -> (artifact id: 'f71a676c8f7ffa2d61278fe35a72be96') in 0.012124 seconds 
========================================================================
Received Import Request.
  Time since last request: 0.000055 seconds.
  path: Assets/Texture2D/Bomb.png
  artifactKey: Guid(23ab64b18fe52ba43bb11f5d63a79f0e) Importer(815301076,1909f56bfc062723c751e8b465ee728b)
Start importing Assets/Texture2D/Bomb.png using Guid(23ab64b18fe52ba43bb11f5d63a79f0e) Importer(815301076,1909f56bfc062723c751e8b465ee728b)  -> (artifact id: '6379e3160f98ac67d83dfa9670f7aae4') in 0.013610 seconds 
========================================================================
Received Import Request.
  Time since last request: 0.000022 seconds.
  path: Assets/Texture2D/AttackRange.png
  artifactKey: Guid(08daeab7753224f46974668437d3dbdf) Importer(815301076,1909f56bfc062723c751e8b465ee728b)
Start importing Assets/Texture2D/AttackRange.png using Guid(08daeab7753224f46974668437d3dbdf) Importer(815301076,1909f56bfc062723c751e8b465ee728b)  -> (artifact id: '9bcee6f1972b1053aa437f1643934647') in 0.016129 seconds 
========================================================================
Received Import Request.
  Time since last request: 0.000075 seconds.
  path: Assets/Texture2D/CFX2_AuraBubble.png
  artifactKey: Guid(e3fe904292d8eb34ea28f2bde3d3db7d) Importer(815301076,1909f56bfc062723c751e8b465ee728b)
Start importing Assets/Texture2D/CFX2_AuraBubble.png using Guid(e3fe904292d8eb34ea28f2bde3d3db7d) Importer(815301076,1909f56bfc062723c751e8b465ee728b)  -> (artifact id: '7f72e2e3918fa2041365279ab7144135') in 0.015759 seconds 
========================================================================
Received Import Request.
  Time since last request: 0.000068 seconds.
  path: Assets/Texture2D/button hover.png
  artifactKey: Guid(327b3ddbc60b7194383fe18b73a3c17b) Importer(815301076,1909f56bfc062723c751e8b465ee728b)
Start importing Assets/Texture2D/button hover.png using Guid(327b3ddbc60b7194383fe18b73a3c17b) Importer(815301076,1909f56bfc062723c751e8b465ee728b)  -> (artifact id: '048ff04f946b28afea7124edc24fdef0') in 0.018772 seconds 
========================================================================
Received Import Request.
  Time since last request: 0.000023 seconds.
  path: Assets/Texture2D/CircalBullet.png
  artifactKey: Guid(9c8337fe205ff884cb0570f887da3830) Importer(815301076,1909f56bfc062723c751e8b465ee728b)
Start importing Assets/Texture2D/CircalBullet.png using Guid(9c8337fe205ff884cb0570f887da3830) Importer(815301076,1909f56bfc062723c751e8b465ee728b)  -> (artifact id: '29683cf86ee6e1478d09b17cbce25573') in 0.015442 seconds 
========================================================================
Received Import Request.
  Time since last request: 0.000034 seconds.
  path: Assets/Texture2D/icon_game_15.png
  artifactKey: Guid(e00bc7c81fb1cf24eb66bbc600fc5a09) Importer(815301076,1909f56bfc062723c751e8b465ee728b)
Start importing Assets/Texture2D/icon_game_15.png using Guid(e00bc7c81fb1cf24eb66bbc600fc5a09) Importer(815301076,1909f56bfc062723c751e8b465ee728b)  -> (artifact id: '2fbe32ac38a931f5eee580699fc4f52c') in 0.012859 seconds 
========================================================================
Received Import Request.
  Time since last request: 0.000041 seconds.
  path: Assets/Texture2D/ButtonImage0.png
  artifactKey: Guid(c37ac070845946847badba82414662b3) Importer(815301076,1909f56bfc062723c751e8b465ee728b)
Start importing Assets/Texture2D/ButtonImage0.png using Guid(c37ac070845946847badba82414662b3) Importer(815301076,1909f56bfc062723c751e8b465ee728b)  -> (artifact id: '919eb54c9db283a7b5621631af027736') in 0.015619 seconds 
========================================================================
Received Import Request.
  Time since last request: 0.000033 seconds.
  path: Assets/Texture2D/BurnTime.png
  artifactKey: Guid(ee0e3cc82dcc2034aba7e573448cbd17) Importer(815301076,1909f56bfc062723c751e8b465ee728b)
Start importing Assets/Texture2D/BurnTime.png using Guid(ee0e3cc82dcc2034aba7e573448cbd17) Importer(815301076,1909f56bfc062723c751e8b465ee728b)  -> (artifact id: 'd0ef4ea3c7a60d90837cf5324508d394') in 0.016364 seconds 
========================================================================
Received Import Request.
  Time since last request: 0.000034 seconds.
  path: Assets/Texture2D/icon_common_24.png
  artifactKey: Guid(68f9eb64ac6f8d64d8ac635f95d0b4b1) Importer(815301076,1909f56bfc062723c751e8b465ee728b)
Start importing Assets/Texture2D/icon_common_24.png using Guid(68f9eb64ac6f8d64d8ac635f95d0b4b1) Importer(815301076,1909f56bfc062723c751e8b465ee728b)  -> (artifact id: '569c2000affd8c0899f8b937562a5f64') in 0.015194 seconds 
========================================================================
Received Import Request.
  Time since last request: 0.000029 seconds.
  path: Assets/Texture2D/CFXM3_T_Leaf.png
  artifactKey: Guid(62c58957ed6333044b0f050dcda37404) Importer(815301076,1909f56bfc062723c751e8b465ee728b)
Start importing Assets/Texture2D/CFXM3_T_Leaf.png using Guid(62c58957ed6333044b0f050dcda37404) Importer(815301076,1909f56bfc062723c751e8b465ee728b)  -> (artifact id: '9727cc659f312c0254bd3ec8cea7435a') in 0.016437 seconds 
========================================================================
Received Import Request.
  Time since last request: 0.000029 seconds.
  path: Assets/Texture2D/CFX3_T_GlowStar.png
  artifactKey: Guid(c00c4de973cc47f4e8229008180f2a44) Importer(815301076,1909f56bfc062723c751e8b465ee728b)
Start importing Assets/Texture2D/CFX3_T_GlowStar.png using Guid(c00c4de973cc47f4e8229008180f2a44) Importer(815301076,1909f56bfc062723c751e8b465ee728b)  -> (artifact id: 'd234a967685361f0ed9a4b44d28d7ab1') in 0.015799 seconds 
========================================================================
Received Import Request.
  Time since last request: 0.000044 seconds.
  path: Assets/Texture2D/icon_architecture_17.png
  artifactKey: Guid(e6afef35937b5624295e6e31e88d92f1) Importer(815301076,1909f56bfc062723c751e8b465ee728b)
Start importing Assets/Texture2D/icon_architecture_17.png using Guid(e6afef35937b5624295e6e31e88d92f1) Importer(815301076,1909f56bfc062723c751e8b465ee728b)  -> (artifact id: '707a9a06bda9acab2f7790db42690e7c') in 0.019701 seconds 
========================================================================
Received Import Request.
  Time since last request: 0.000062 seconds.
  path: Assets/Texture2D/FreezeTime.png
  artifactKey: Guid(775066b043859324aade394843d2bb93) Importer(815301076,1909f56bfc062723c751e8b465ee728b)
Start importing Assets/Texture2D/FreezeTime.png using Guid(775066b043859324aade394843d2bb93) Importer(815301076,1909f56bfc062723c751e8b465ee728b)  -> (artifact id: '4c63e0ccb60202093224470499941e12') in 0.017275 seconds 
========================================================================
Received Import Request.
  Time since last request: 0.000075 seconds.
  path: Assets/Texture2D/CFX4_T_AuraBubble.png
  artifactKey: Guid(fab2ac024acbec44d84b19ba82115bed) Importer(815301076,1909f56bfc062723c751e8b465ee728b)
Start importing Assets/Texture2D/CFX4_T_AuraBubble.png using Guid(fab2ac024acbec44d84b19ba82115bed) Importer(815301076,1909f56bfc062723c751e8b465ee728b)  -> (artifact id: '588caa671caca537577d8901064922ae') in 0.012926 seconds 
========================================================================
Received Import Request.
  Time since last request: 0.000030 seconds.
  path: Assets/Texture2D/ColdWave.png
  artifactKey: Guid(8206b397220188a448ffb0ce39055dcf) Importer(815301076,1909f56bfc062723c751e8b465ee728b)
Start importing Assets/Texture2D/ColdWave.png using Guid(8206b397220188a448ffb0ce39055dcf) Importer(815301076,1909f56bfc062723c751e8b465ee728b)  -> (artifact id: '642f427e013bae35e9cec43eeeaad2eb') in 0.015064 seconds 
========================================================================
Received Import Request.
  Time since last request: 0.000041 seconds.
  path: Assets/Texture2D/button.png
  artifactKey: Guid(6a8530887d96952438aea8ddc92691e4) Importer(815301076,1909f56bfc062723c751e8b465ee728b)
Start importing Assets/Texture2D/button.png using Guid(6a8530887d96952438aea8ddc92691e4) Importer(815301076,1909f56bfc062723c751e8b465ee728b)  -> (artifact id: '7940451e063978ccf56fd21959a9ddd9') in 0.017890 seconds 
========================================================================
Received Import Request.
  Time since last request: 0.000035 seconds.
  path: Assets/Texture2D/ButtonSelectLine.png
  artifactKey: Guid(a129c43f939a050439cdd43b8502dbfc) Importer(815301076,1909f56bfc062723c751e8b465ee728b)
Start importing Assets/Texture2D/ButtonSelectLine.png using Guid(a129c43f939a050439cdd43b8502dbfc) Importer(815301076,1909f56bfc062723c751e8b465ee728b)  -> (artifact id: '1baa88af90a5e149335c8e4426a92ad2') in 0.016022 seconds 
========================================================================
Received Import Request.
  Time since last request: 0.000029 seconds.
  path: Assets/Texture2D/EscToExit_Text.png
  artifactKey: Guid(314f675d7b9905c40829ae2aae6c58fb) Importer(815301076,1909f56bfc062723c751e8b465ee728b)
Start importing Assets/Texture2D/EscToExit_Text.png using Guid(314f675d7b9905c40829ae2aae6c58fb) Importer(815301076,1909f56bfc062723c751e8b465ee728b)  -> (artifact id: '9d92982cf043a477e87cacd3b4bd583e') in 0.015221 seconds 
========================================================================
Received Import Request.
  Time since last request: 0.000059 seconds.
  path: Assets/Texture2D/CFX3_T_RayStraight.png
  artifactKey: Guid(ad1c57f3dd854754dbac2bc490f193c5) Importer(815301076,1909f56bfc062723c751e8b465ee728b)
Start importing Assets/Texture2D/CFX3_T_RayStraight.png using Guid(ad1c57f3dd854754dbac2bc490f193c5) Importer(815301076,1909f56bfc062723c751e8b465ee728b)  -> (artifact id: '8b422e98ed879e184ac63b369e8090ab') in 0.013536 seconds 
========================================================================
Received Import Request.
  Time since last request: 0.000038 seconds.
  path: Assets/Texture2D/icon_activity_115.png
  artifactKey: Guid(80eacfada59889f45bb9a5da0f7c99ad) Importer(815301076,1909f56bfc062723c751e8b465ee728b)
Start importing Assets/Texture2D/icon_activity_115.png using Guid(80eacfada59889f45bb9a5da0f7c99ad) Importer(815301076,1909f56bfc062723c751e8b465ee728b)  -> (artifact id: '01e998e5708d5607a9527e569e996a81') in 0.013416 seconds 
========================================================================
Received Import Request.
  Time since last request: 0.000082 seconds.
  path: Assets/Texture2D/Basic Shadow Atlas.png
  artifactKey: Guid(1c3a3d1fe2909a44d913f0306d7c7ddc) Importer(815301076,1909f56bfc062723c751e8b465ee728b)
Start importing Assets/Texture2D/Basic Shadow Atlas.png using Guid(1c3a3d1fe2909a44d913f0306d7c7ddc) Importer(815301076,1909f56bfc062723c751e8b465ee728b)  -> (artifact id: 'faa7d63a5f82c9faf415d6ba03da0607') in 0.016222 seconds 
========================================================================
Received Import Request.
  Time since last request: 0.000083 seconds.
  path: Assets/Texture2D/ButtonSelectLine3.png
  artifactKey: Guid(3cc734021ce93c6468ee46385e20ddd3) Importer(815301076,1909f56bfc062723c751e8b465ee728b)
Start importing Assets/Texture2D/ButtonSelectLine3.png using Guid(3cc734021ce93c6468ee46385e20ddd3) Importer(815301076,1909f56bfc062723c751e8b465ee728b)  -> (artifact id: '25c2dfc5218c2961da755b7fd333a512') in 0.016981 seconds 
========================================================================
Received Import Request.
  Time since last request: 0.000023 seconds.
  path: Assets/Texture2D/CFX4_T_SplashWave A8.png
  artifactKey: Guid(065b641a59dc726448a56a0166cbbb4c) Importer(815301076,1909f56bfc062723c751e8b465ee728b)
Start importing Assets/Texture2D/CFX4_T_SplashWave A8.png using Guid(065b641a59dc726448a56a0166cbbb4c) Importer(815301076,1909f56bfc062723c751e8b465ee728b)  -> (artifact id: '13731975f07ff9c5d3f218a445f36dfc') in 0.014258 seconds 
========================================================================
Received Import Request.
  Time since last request: 0.000039 seconds.
  path: Assets/Texture2D/icon_common_27.png
  artifactKey: Guid(7b4e993232198ae46a709859d5cbb789) Importer(815301076,1909f56bfc062723c751e8b465ee728b)
Start importing Assets/Texture2D/icon_common_27.png using Guid(7b4e993232198ae46a709859d5cbb789) Importer(815301076,1909f56bfc062723c751e8b465ee728b)  -> (artifact id: '98524cb8c66c4e220cef5a549e5ed4de') in 0.016339 seconds 
========================================================================
Received Import Request.
  Time since last request: 0.000038 seconds.
  path: Assets/Texture2D/ExplotionRadio.png
  artifactKey: Guid(1de46859d7f6b9644b50d608e23d6d2c) Importer(815301076,1909f56bfc062723c751e8b465ee728b)
Start importing Assets/Texture2D/ExplotionRadio.png using Guid(1de46859d7f6b9644b50d608e23d6d2c) Importer(815301076,1909f56bfc062723c751e8b465ee728b)  -> (artifact id: 'f9a9132fb4833b13ee621ce92db89911') in 0.015764 seconds 
========================================================================
Received Import Request.
  Time since last request: 0.000036 seconds.
  path: Assets/Texture2D/Crossbow .png
  artifactKey: Guid(3fd6b03843fb0714a8785a061cb1f961) Importer(815301076,1909f56bfc062723c751e8b465ee728b)
Start importing Assets/Texture2D/Crossbow .png using Guid(3fd6b03843fb0714a8785a061cb1f961) Importer(815301076,1909f56bfc062723c751e8b465ee728b)  -> (artifact id: 'c782dcc4fa5399de48fab56f8a7b18a7') in 0.014563 seconds 
========================================================================
Received Import Request.
  Time since last request: 0.000028 seconds.
  path: Assets/Texture2D/CFX_T_Bubble.png
  artifactKey: Guid(d807eda3cf0757a4a8b6392d1948cdce) Importer(815301076,1909f56bfc062723c751e8b465ee728b)
Start importing Assets/Texture2D/CFX_T_Bubble.png using Guid(d807eda3cf0757a4a8b6392d1948cdce) Importer(815301076,1909f56bfc062723c751e8b465ee728b)  -> (artifact id: '1d8e7c51fb12b664dec457947dba4467') in 0.014984 seconds 
========================================================================
Received Import Request.
  Time since last request: 0.000033 seconds.
  path: Assets/Texture2D/CFX_T_Ray.png
  artifactKey: Guid(148bc2002d469a84c9860db49822a53a) Importer(815301076,1909f56bfc062723c751e8b465ee728b)
Start importing Assets/Texture2D/CFX_T_Ray.png using Guid(148bc2002d469a84c9860db49822a53a) Importer(815301076,1909f56bfc062723c751e8b465ee728b)  -> (artifact id: '2e7f6fdf9da97693923250cff21ea034') in 0.016090 seconds 
========================================================================
Received Import Request.
  Time since last request: 0.000062 seconds.
  path: Assets/Texture2D/BounceTimes.png
  artifactKey: Guid(7c3ecfd33ff86b84f8c6a3fe8f79dac2) Importer(815301076,1909f56bfc062723c751e8b465ee728b)
Start importing Assets/Texture2D/BounceTimes.png using Guid(7c3ecfd33ff86b84f8c6a3fe8f79dac2) Importer(815301076,1909f56bfc062723c751e8b465ee728b)  -> (artifact id: '3fcba6374beda6186a78c640455357fc') in 0.014209 seconds 
========================================================================
Received Import Request.
  Time since last request: 0.000042 seconds.
  path: Assets/Texture2D/AttackPower.png
  artifactKey: Guid(8231cf2c53039e14f9d4720efe579b89) Importer(815301076,1909f56bfc062723c751e8b465ee728b)
Start importing Assets/Texture2D/AttackPower.png using Guid(8231cf2c53039e14f9d4720efe579b89) Importer(815301076,1909f56bfc062723c751e8b465ee728b)  -> (artifact id: '7349d70e2fc3f6db49ad9aa927de92ac') in 0.015263 seconds 
========================================================================
Received Import Request.
  Time since last request: 0.000061 seconds.
  path: Assets/Texture2D/button_corner_square2_3.png
  artifactKey: Guid(3acf3c7bd59fe37478c191ea6bd930a7) Importer(815301076,1909f56bfc062723c751e8b465ee728b)
Start importing Assets/Texture2D/button_corner_square2_3.png using Guid(3acf3c7bd59fe37478c191ea6bd930a7) Importer(815301076,1909f56bfc062723c751e8b465ee728b)  -> (artifact id: '0b3d7a2c8b6f466a2d14e42aa8b4da72') in 0.020049 seconds 
========================================================================
Received Import Request.
  Time since last request: 0.000036 seconds.
  path: Assets/Texture2D/Hexagon.png
  artifactKey: Guid(ef35c975f78445246b8712d1aea25a25) Importer(815301076,1909f56bfc062723c751e8b465ee728b)
Start importing Assets/Texture2D/Hexagon.png using Guid(ef35c975f78445246b8712d1aea25a25) Importer(815301076,1909f56bfc062723c751e8b465ee728b)  -> (artifact id: 'fe114a4c264da1b0755d13cb7580a6d4') in 0.016292 seconds 
========================================================================
Received Import Request.
  Time since last request: 0.000046 seconds.
  path: Assets/Texture2D/Background.png
  artifactKey: Guid(525f75368e00a514cb260b3a720990a7) Importer(815301076,1909f56bfc062723c751e8b465ee728b)
Start importing Assets/Texture2D/Background.png using Guid(525f75368e00a514cb260b3a720990a7) Importer(815301076,1909f56bfc062723c751e8b465ee728b)  -> (artifact id: 'f5626c0aef858ab2ec798b23c9444f50') in 0.017575 seconds 
========================================================================
Received Import Request.
  Time since last request: 0.000058 seconds.
  path: Assets/Texture2D/ButtonImage1.png
  artifactKey: Guid(332e47b7a9cba3440a24131e0c5717ad) Importer(815301076,1909f56bfc062723c751e8b465ee728b)
Start importing Assets/Texture2D/ButtonImage1.png using Guid(332e47b7a9cba3440a24131e0c5717ad) Importer(815301076,1909f56bfc062723c751e8b465ee728b)  -> (artifact id: '92cce1d296817d7fbddf5bc85806ff87') in 0.018050 seconds 
========================================================================
Received Import Request.
  Time since last request: 0.000062 seconds.
  path: Assets/Texture2D/CFX_T_WhiteCircleSmall.png
  artifactKey: Guid(e55a807290354de4ab2bc12c913fd821) Importer(815301076,1909f56bfc062723c751e8b465ee728b)
Start importing Assets/Texture2D/CFX_T_WhiteCircleSmall.png using Guid(e55a807290354de4ab2bc12c913fd821) Importer(815301076,1909f56bfc062723c751e8b465ee728b)  -> (artifact id: '00685a1f773724fb263d85f7fc0d2385') in 0.013143 seconds 
========================================================================
Received Import Request.
  Time since last request: 0.000033 seconds.
  path: Assets/Texture2D/CrystalMine.png
  artifactKey: Guid(e447f05f7ad6fc04f88dcceedc1f91a8) Importer(815301076,1909f56bfc062723c751e8b465ee728b)
Start importing Assets/Texture2D/CrystalMine.png using Guid(e447f05f7ad6fc04f88dcceedc1f91a8) Importer(815301076,1909f56bfc062723c751e8b465ee728b)  -> (artifact id: '6a9ae7c7c4128976aec8d652e14f433a') in 0.017959 seconds 
========================================================================
Received Import Request.
  Time since last request: 0.000025 seconds.
  path: Assets/Texture2D/button on hover.png
  artifactKey: Guid(fee19b7c7a3d2e84d86ed195ad31825d) Importer(815301076,1909f56bfc062723c751e8b465ee728b)
Start importing Assets/Texture2D/button on hover.png using Guid(fee19b7c7a3d2e84d86ed195ad31825d) Importer(815301076,1909f56bfc062723c751e8b465ee728b)  -> (artifact id: '8556b872fd0bba1248eccddbd7ceaaa5') in 0.012282 seconds 
========================================================================
Received Import Request.
  Time since last request: 0.000048 seconds.
  path: Assets/Texture2D/box.png
  artifactKey: Guid(8ba62cce6c5493a49bb43048560fc3bd) Importer(815301076,1909f56bfc062723c751e8b465ee728b)
Start importing Assets/Texture2D/box.png using Guid(8ba62cce6c5493a49bb43048560fc3bd) Importer(815301076,1909f56bfc062723c751e8b465ee728b)  -> (artifact id: '25dfa9995c6f94ee0f8fd92bfda7ed9f') in 0.016936 seconds 
========================================================================
Received Import Request.
  Time since last request: 0.000047 seconds.
  path: Assets/Texture2D/DescirbeHandle.png
  artifactKey: Guid(71bdfe772c66b5a41b943b0cc44f7f2e) Importer(815301076,1909f56bfc062723c751e8b465ee728b)
Start importing Assets/Texture2D/DescirbeHandle.png using Guid(71bdfe772c66b5a41b943b0cc44f7f2e) Importer(815301076,1909f56bfc062723c751e8b465ee728b)  -> (artifact id: '6c294ab8eb8f6042e833e4f80cbe4633') in 0.016796 seconds 
========================================================================
Received Import Request.
  Time since last request: 1.280695 seconds.
  path: Assets/Texture2D/Money6.png
  artifactKey: Guid(2df49ab66c15dae46ac34b9f9aa23326) Importer(815301076,1909f56bfc062723c751e8b465ee728b)
Start importing Assets/Texture2D/Money6.png using Guid(2df49ab66c15dae46ac34b9f9aa23326) Importer(815301076,1909f56bfc062723c751e8b465ee728b)  -> (artifact id: '6c8a9083fd95c6f4debf906c2c8c4901') in 0.013949 seconds 
========================================================================
Received Import Request.
  Time since last request: 14.884716 seconds.
  path: Assets/Texture2D/ArrowTower.png
  artifactKey: Guid(153acf078f4a1504997859c82eb7d9d5) Importer(815301076,1909f56bfc062723c751e8b465ee728b)
Start importing Assets/Texture2D/ArrowTower.png using Guid(153acf078f4a1504997859c82eb7d9d5) Importer(815301076,1909f56bfc062723c751e8b465ee728b)  -> (artifact id: 'd15a79497e69c9b59bdc7eec22354d90') in 0.057974 seconds 
========================================================================
Received Import Request.
  Time since last request: 0.000031 seconds.
  path: Assets/Texture2D/ButtonSelectLine4.png
  artifactKey: Guid(259cf1747bde0764f82ec449781199f2) Importer(815301076,1909f56bfc062723c751e8b465ee728b)
Start importing Assets/Texture2D/ButtonSelectLine4.png using Guid(259cf1747bde0764f82ec449781199f2) Importer(815301076,1909f56bfc062723c751e8b465ee728b)  -> (artifact id: '1e2284c83712b3ece3004444d4f53b4b') in 0.078441 seconds 
========================================================================
Received Import Request.
  Time since last request: 0.000031 seconds.
  path: Assets/Texture2D/horizontal scrollbar thumb.png
  artifactKey: Guid(1d5242a4ee1b60c4a8164190b5aab3ea) Importer(815301076,1909f56bfc062723c751e8b465ee728b)
Start importing Assets/Texture2D/horizontal scrollbar thumb.png using Guid(1d5242a4ee1b60c4a8164190b5aab3ea) Importer(815301076,1909f56bfc062723c751e8b465ee728b)  -> (artifact id: 'e561a41b60e5ec5bece106c5f4e4955b') in 0.013614 seconds 
========================================================================
Received Import Request.
  Time since last request: 0.000044 seconds.
  path: Assets/Texture2D/icon_game_68.png
  artifactKey: Guid(0654ed93e9101204cbd8ad5c37498fb2) Importer(815301076,1909f56bfc062723c751e8b465ee728b)
Start importing Assets/Texture2D/icon_game_68.png using Guid(0654ed93e9101204cbd8ad5c37498fb2) Importer(815301076,1909f56bfc062723c751e8b465ee728b)  -> (artifact id: '88eb7b4a061d9a2511e01b44e093f82d') in 0.018133 seconds 
========================================================================
Received Import Request.
  Time since last request: 0.000039 seconds.
  path: Assets/Texture2D/Diamond.png
  artifactKey: Guid(56d859054e3872b41af44e46da5d60d0) Importer(815301076,1909f56bfc062723c751e8b465ee728b)
Start importing Assets/Texture2D/Diamond.png using Guid(56d859054e3872b41af44e46da5d60d0) Importer(815301076,1909f56bfc062723c751e8b465ee728b)  -> (artifact id: '28c3e5f2069e047102e45aace053d7a1') in 0.017020 seconds 
========================================================================
Received Import Request.
  Time since last request: 0.000025 seconds.
  path: Assets/Texture2D/icon_common_24.png
  artifactKey: Guid(68f9eb64ac6f8d64d8ac635f95d0b4b1) Importer(815301076,1909f56bfc062723c751e8b465ee728b)
Start importing Assets/Texture2D/icon_common_24.png using Guid(68f9eb64ac6f8d64d8ac635f95d0b4b1) Importer(815301076,1909f56bfc062723c751e8b465ee728b)  -> (artifact id: 'f67c72329cf490f4b618916ac13060a6') in 0.024191 seconds 
========================================================================
Received Import Request.
  Time since last request: 0.000035 seconds.
  path: Assets/Texture2D/CFX3_T_GlowStar.png
  artifactKey: Guid(c00c4de973cc47f4e8229008180f2a44) Importer(815301076,1909f56bfc062723c751e8b465ee728b)
Start importing Assets/Texture2D/CFX3_T_GlowStar.png using Guid(c00c4de973cc47f4e8229008180f2a44) Importer(815301076,1909f56bfc062723c751e8b465ee728b)  -> (artifact id: '83fcd7e4eedc0ab435461ad0c2d48a89') in 0.019526 seconds 
========================================================================
Received Import Request.
  Time since last request: 0.000123 seconds.
  path: Assets/Texture2D/horizontal scrollbar.png
  artifactKey: Guid(af534a2c0951bad43815da3f347dc3bd) Importer(815301076,1909f56bfc062723c751e8b465ee728b)
Start importing Assets/Texture2D/horizontal scrollbar.png using Guid(af534a2c0951bad43815da3f347dc3bd) Importer(815301076,1909f56bfc062723c751e8b465ee728b)  -> (artifact id: '375856ed36f59a00a228b7263bff7ba2') in 0.020992 seconds 
========================================================================
Received Import Request.
  Time since last request: 0.000037 seconds.
  path: Assets/Texture2D/GoldMine.png
  artifactKey: Guid(5b77562c61f592e4c90c2b6aaea66cda) Importer(815301076,1909f56bfc062723c751e8b465ee728b)
Start importing Assets/Texture2D/GoldMine.png using Guid(5b77562c61f592e4c90c2b6aaea66cda) Importer(815301076,1909f56bfc062723c751e8b465ee728b)  -> (artifact id: '2ca4972ab59b75c9493cf185d08a4ef6') in 0.030798 seconds 
========================================================================
Received Import Request.
  Time since last request: 0.000027 seconds.
  path: Assets/Texture2D/BaseUpgrade.png
  artifactKey: Guid(960cb93e485780b4e8ae92bf21cb5821) Importer(815301076,1909f56bfc062723c751e8b465ee728b)
Start importing Assets/Texture2D/BaseUpgrade.png using Guid(960cb93e485780b4e8ae92bf21cb5821) Importer(815301076,1909f56bfc062723c751e8b465ee728b)  -> (artifact id: '5f9b5a312f4ee0a8d6e5233bb2cdb479') in 0.032547 seconds 
========================================================================
Received Import Request.
  Time since last request: 0.000030 seconds.
  path: Assets/Texture2D/CFX2_T_FadedRay.png
  artifactKey: Guid(0ca20a40692a7bf438712d0fb3414c10) Importer(815301076,1909f56bfc062723c751e8b465ee728b)
Start importing Assets/Texture2D/CFX2_T_FadedRay.png using Guid(0ca20a40692a7bf438712d0fb3414c10) Importer(815301076,1909f56bfc062723c751e8b465ee728b)  -> (artifact id: '3971ff6d163d7f5f3429384f295a0956') in 0.027841 seconds 
========================================================================
Received Import Request.
  Time since last request: 0.000053 seconds.
  path: Assets/Texture2D/CFX4_T_RayStraight AB.png
  artifactKey: Guid(da043d43a1587ec40b21dcbe892c5f0a) Importer(815301076,1909f56bfc062723c751e8b465ee728b)
Start importing Assets/Texture2D/CFX4_T_RayStraight AB.png using Guid(da043d43a1587ec40b21dcbe892c5f0a) Importer(815301076,1909f56bfc062723c751e8b465ee728b)  -> (artifact id: 'f8fff12bacfb97db13245cbbc92b5ffd') in 0.023980 seconds 
========================================================================
Received Import Request.
  Time since last request: 0.000127 seconds.
  path: Assets/Texture2D/icon_common_4.png
  artifactKey: Guid(ddc0624f7f6ca25418523b646a7f888e) Importer(815301076,1909f56bfc062723c751e8b465ee728b)
Start importing Assets/Texture2D/icon_common_4.png using Guid(ddc0624f7f6ca25418523b646a7f888e) Importer(815301076,1909f56bfc062723c751e8b465ee728b)  -> (artifact id: '0958a5d1d7f4833569416a087284f2c2') in 0.024931 seconds 
========================================================================
Received Import Request.
  Time since last request: 0.000035 seconds.
  path: Assets/Texture2D/Circal.png
  artifactKey: Guid(1f07d8774396e9e4e8398a845238b717) Importer(815301076,1909f56bfc062723c751e8b465ee728b)
Start importing Assets/Texture2D/Circal.png using Guid(1f07d8774396e9e4e8398a845238b717) Importer(815301076,1909f56bfc062723c751e8b465ee728b)  -> (artifact id: 'df8ad0dffb0c5422f2132310b0224e4a') in 0.020299 seconds 
========================================================================
Received Import Request.
  Time since last request: 0.000049 seconds.
  path: Assets/Texture2D/CFX_T_Bubble.png
  artifactKey: Guid(d807eda3cf0757a4a8b6392d1948cdce) Importer(815301076,1909f56bfc062723c751e8b465ee728b)
Start importing Assets/Texture2D/CFX_T_Bubble.png using Guid(d807eda3cf0757a4a8b6392d1948cdce) Importer(815301076,1909f56bfc062723c751e8b465ee728b)  -> (artifact id: '1d2395aa96da873d9f331c94859e7058') in 0.026579 seconds 
========================================================================
Received Import Request.
  Time since last request: 0.000045 seconds.
  path: Assets/Texture2D/BounceTimes.png
  artifactKey: Guid(7c3ecfd33ff86b84f8c6a3fe8f79dac2) Importer(815301076,1909f56bfc062723c751e8b465ee728b)
Start importing Assets/Texture2D/BounceTimes.png using Guid(7c3ecfd33ff86b84f8c6a3fe8f79dac2) Importer(815301076,1909f56bfc062723c751e8b465ee728b)  -> (artifact id: '53ad58accc836c592195187cbae9da49') in 0.019769 seconds 
========================================================================
Received Import Request.
  Time since last request: 0.000024 seconds.
  path: Assets/Texture2D/CFX3_T_SmallRay.png
  artifactKey: Guid(28b4fc805d8404443bc4d21322efe74a) Importer(815301076,1909f56bfc062723c751e8b465ee728b)
Start importing Assets/Texture2D/CFX3_T_SmallRay.png using Guid(28b4fc805d8404443bc4d21322efe74a) Importer(815301076,1909f56bfc062723c751e8b465ee728b)  -> (artifact id: '930d6d77dc887468386e8d417a37c928') in 0.015898 seconds 
========================================================================
Received Import Request.
  Time since last request: 0.000041 seconds.
  path: Assets/Texture2D/Hill.png
  artifactKey: Guid(8a1a7ba66bea593428246a68a517f28b) Importer(815301076,1909f56bfc062723c751e8b465ee728b)
Start importing Assets/Texture2D/Hill.png using Guid(8a1a7ba66bea593428246a68a517f28b) Importer(815301076,1909f56bfc062723c751e8b465ee728b)  -> (artifact id: 'af585d091ba745c2f003ef71825ad12b') in 0.015204 seconds 
========================================================================
Received Import Request.
  Time since last request: 0.000024 seconds.
  path: Assets/Texture2D/CircalWall.png
  artifactKey: Guid(1bbb54b77b760564995a5305393e8fdf) Importer(815301076,1909f56bfc062723c751e8b465ee728b)
Start importing Assets/Texture2D/CircalWall.png using Guid(1bbb54b77b760564995a5305393e8fdf) Importer(815301076,1909f56bfc062723c751e8b465ee728b)  -> (artifact id: '83a18dce8abf61f6be18639b1031e100') in 0.020639 seconds 
========================================================================
Received Import Request.
  Time since last request: 0.000032 seconds.
  path: Assets/Texture2D/ButtonSelectLine2.png
  artifactKey: Guid(c79c375d92bd3d3419713f73c64d1b4f) Importer(815301076,1909f56bfc062723c751e8b465ee728b)
Start importing Assets/Texture2D/ButtonSelectLine2.png using Guid(c79c375d92bd3d3419713f73c64d1b4f) Importer(815301076,1909f56bfc062723c751e8b465ee728b)  -> (artifact id: 'c4e65fdf443b966c1de23aa9830e579e') in 0.017173 seconds 
========================================================================
Received Import Request.
  Time since last request: 0.000030 seconds.
  path: Assets/Texture2D/icon_arrow_17.png
  artifactKey: Guid(efd26fe50c41bcb4fb40179a9f8b4780) Importer(815301076,1909f56bfc062723c751e8b465ee728b)
Start importing Assets/Texture2D/icon_arrow_17.png using Guid(efd26fe50c41bcb4fb40179a9f8b4780) Importer(815301076,1909f56bfc062723c751e8b465ee728b)  -> (artifact id: 'dfe0a3945df4f55a48e39be98bab9659') in 0.017602 seconds 
========================================================================
Received Import Request.
  Time since last request: 3.484310 seconds.
  path: Assets/Texture2D/icon_game_186.png
  artifactKey: Guid(313387988341bd140918377785a1edac) Importer(815301076,1909f56bfc062723c751e8b465ee728b)
Start importing Assets/Texture2D/icon_game_186.png using Guid(313387988341bd140918377785a1edac) Importer(815301076,1909f56bfc062723c751e8b465ee728b)  -> (artifact id: '3a067a3d06df1f4b37effdc0e560270a') in 0.024649 seconds 
========================================================================
Received Import Request.
  Time since last request: 0.000022 seconds.
  path: Assets/Texture2D/MiniBomb.png
  artifactKey: Guid(9a16ed7260d86eb4e88734ccc1201c9e) Importer(815301076,1909f56bfc062723c751e8b465ee728b)
Start importing Assets/Texture2D/MiniBomb.png using Guid(9a16ed7260d86eb4e88734ccc1201c9e) Importer(815301076,1909f56bfc062723c751e8b465ee728b)  -> (artifact id: '93cfbce1f21a1a8ba64c6712fb58bdd1') in 0.020677 seconds 
========================================================================
Received Import Request.
  Time since last request: 0.000042 seconds.
  path: Assets/Texture2D/MaxHealth.png
  artifactKey: Guid(dc75fc871f256d34fbf7aa994428f8c2) Importer(815301076,1909f56bfc062723c751e8b465ee728b)
Start importing Assets/Texture2D/MaxHealth.png using Guid(dc75fc871f256d34fbf7aa994428f8c2) Importer(815301076,1909f56bfc062723c751e8b465ee728b)  -> (artifact id: '49115b1cfbe3e8ef35f6d5f57da500cc') in 0.034137 seconds 
========================================================================
Received Import Request.
  Time since last request: 0.000027 seconds.
  path: Assets/Texture2D/Logo.png
  artifactKey: Guid(a94a2c168610bfc47bade6264353465b) Importer(815301076,1909f56bfc062723c751e8b465ee728b)
Start importing Assets/Texture2D/Logo.png using Guid(a94a2c168610bfc47bade6264353465b) Importer(815301076,1909f56bfc062723c751e8b465ee728b)  -> (artifact id: '897fd9bbe1bb89ce25d69373d26068b9') in 0.041758 seconds 
========================================================================
Received Import Request.
  Time since last request: 0.000060 seconds.
  path: Assets/Texture2D/icon_shield_38.png
  artifactKey: Guid(cf4f0527a07f31c419ecbf96cd2d19a1) Importer(815301076,1909f56bfc062723c751e8b465ee728b)
Start importing Assets/Texture2D/icon_shield_38.png using Guid(cf4f0527a07f31c419ecbf96cd2d19a1) Importer(815301076,1909f56bfc062723c751e8b465ee728b)  -> (artifact id: '2a48c2cc4ab29b7610c59bf34a4b2fcc') in 0.020366 seconds 
========================================================================
Received Import Request.
  Time since last request: 0.000027 seconds.
  path: Assets/Texture2D/judou-sans-common-hans-regular Atlas #35.png
  artifactKey: Guid(04a8e4827a948784da02cec96d1cf4ec) Importer(815301076,1909f56bfc062723c751e8b465ee728b)
Start importing Assets/Texture2D/judou-sans-common-hans-regular Atlas #35.png using Guid(04a8e4827a948784da02cec96d1cf4ec) Importer(815301076,1909f56bfc062723c751e8b465ee728b)  -> (artifact id: '5b71f2ed66144c1b0277617a1532e03f') in 0.186097 seconds 
========================================================================
Received Import Request.
  Time since last request: 36.294297 seconds.
  path: Assets/Texture2D/Money4.png
  artifactKey: Guid(01a3139a124cb7742bd48228b4bc9d3b) Importer(815301076,1909f56bfc062723c751e8b465ee728b)
Start importing Assets/Texture2D/Money4.png using Guid(01a3139a124cb7742bd48228b4bc9d3b) Importer(815301076,1909f56bfc062723c751e8b465ee728b)  -> (artifact id: '1a0007c6c3f43d1015f75dfc3d242981') in 0.021856 seconds 
========================================================================
Received Import Request.
  Time since last request: 0.000049 seconds.
  path: Assets/Texture2D/Money10.png
  artifactKey: Guid(d583c30d7031e3249884982b8d9c07f8) Importer(815301076,1909f56bfc062723c751e8b465ee728b)
Start importing Assets/Texture2D/Money10.png using Guid(d583c30d7031e3249884982b8d9c07f8) Importer(815301076,1909f56bfc062723c751e8b465ee728b)  -> (artifact id: '013d2d548532231b71ffe73a513796da') in 0.023078 seconds 
========================================================================
Received Import Request.
  Time since last request: 0.000027 seconds.
  path: Assets/Texture2D/MoneyProduction.png
  artifactKey: Guid(d4eecc2e4c5b95043bcae00c23b06af0) Importer(815301076,1909f56bfc062723c751e8b465ee728b)
Start importing Assets/Texture2D/MoneyProduction.png using Guid(d4eecc2e4c5b95043bcae00c23b06af0) Importer(815301076,1909f56bfc062723c751e8b465ee728b)  -> (artifact id: '9da24757fd966292d75cd1ee4be702b3') in 0.027636 seconds 
========================================================================
Received Import Request.
  Time since last request: 0.000034 seconds.
  path: Assets/Texture2D/Money13.png
  artifactKey: Guid(4e75b08c13d8fd64a98cce3c0bd0edfc) Importer(815301076,1909f56bfc062723c751e8b465ee728b)
Start importing Assets/Texture2D/Money13.png using Guid(4e75b08c13d8fd64a98cce3c0bd0edfc) Importer(815301076,1909f56bfc062723c751e8b465ee728b)  -> (artifact id: 'a80ab84ee7be16852d363b9d66187f77') in 0.023510 seconds 
Editor requested this worker to shutdown with reason: Scaling down because of idle timeout
AssetImportWorker is now disconnected from the server
Process exiting
Exiting without the bug reporter. Application will terminate with return code 0