Using pre-set license
Built from '2021.2/china_support/instantgame/staging' branch; Version is '2021.2.5f1c301 (8bd2ddd0516e) revision 9163485'; Using compiler version '192829333'; Build Type 'Release'
OS: 'Windows 11  (10.0.22631) 64bit Professional' Language: 'zh' Physical Memory: 32577 MB
BatchMode: 1, IsHumanControllingUs: 0, StartBugReporterOnCrash: 0, Is64bit: 1, IsPro: 0

COMMAND LINE ARGUMENTS:
C:\Program Files\Unity 2021.2.5f1c301\Editor\Unity.exe
-adb2
-batchMode
-noUpm
-name
AssetImportWorker4
-projectPath
G:/Project_TD
-logFile
Logs/AssetImportWorker4.log
-srvPort
52230
Successfully changed project path to: G:/Project_TD
G:/Project_TD
[UnityMemory] Configuration Parameters - Can be set up in boot.config
    "memorysetup-bucket-allocator-granularity=16"
    "memorysetup-bucket-allocator-bucket-count=8"
    "memorysetup-bucket-allocator-block-size=33554432"
    "memorysetup-bucket-allocator-block-count=8"
    "memorysetup-main-allocator-block-size=16777216"
    "memorysetup-thread-allocator-block-size=16777216"
    "memorysetup-gfx-main-allocator-block-size=16777216"
    "memorysetup-gfx-thread-allocator-block-size=16777216"
    "memorysetup-cache-allocator-block-size=4194304"
    "memorysetup-typetree-allocator-block-size=2097152"
    "memorysetup-profiler-bucket-allocator-granularity=16"
    "memorysetup-profiler-bucket-allocator-bucket-count=8"
    "memorysetup-profiler-bucket-allocator-block-size=33554432"
    "memorysetup-profiler-bucket-allocator-block-count=8"
    "memorysetup-profiler-allocator-block-size=16777216"
    "memorysetup-profiler-editor-allocator-block-size=1048576"
    "memorysetup-temp-allocator-size-main=16777216"
    "memorysetup-job-temp-allocator-block-size=2097152"
    "memorysetup-job-temp-allocator-block-size-background=1048576"
    "memorysetup-job-temp-allocator-reduction-small-platforms=262144"
    "memorysetup-temp-allocator-size-background-worker=32768"
    "memorysetup-temp-allocator-size-job-worker=262144"
    "memorysetup-temp-allocator-size-preload-manager=33554432"
    "memorysetup-temp-allocator-size-nav-mesh-worker=65536"
    "memorysetup-temp-allocator-size-audio-worker=65536"
    "memorysetup-temp-allocator-size-cloud-worker=32768"
    "memorysetup-temp-allocator-size-gi-baking-worker=262144"
    "memorysetup-temp-allocator-size-gfx=262144"
AS: AutoStreaming module initializing.
Refreshing native plugins compatible for Editor in 66.91 ms, found 3 plugins.
Preloading 0 native plugins for Editor in 0.00 ms.
Initialize engine version: 2021.2.5f1c301 (8bd2ddd0516e)
[Subsystems] Discovering subsystems at path C:/Program Files/Unity 2021.2.5f1c301/Editor/Data/Resources/UnitySubsystems
[Subsystems] Discovering subsystems at path G:/Project_TD/Assets
GfxDevice: creating device client; threaded=0; jobified=0
Direct3D:
    Version:  Direct3D 11.0 [level 11.1]
    Renderer: Intel(R) UHD Graphics 750 (ID=0x4c8a)
    Vendor:   Intel
    VRAM:     16288 MB
    Driver:   31.0.101.5186
Initialize mono
Mono path[0] = 'C:/Program Files/Unity 2021.2.5f1c301/Editor/Data/Managed'
Mono path[1] = 'C:/Program Files/Unity 2021.2.5f1c301/Editor/Data/MonoBleedingEdge/lib/mono/unityjit-win32'
Mono config path = 'C:/Program Files/Unity 2021.2.5f1c301/Editor/Data/MonoBleedingEdge/etc'
Using monoOptions --debugger-agent=transport=dt_socket,embedding=1,server=y,suspend=n,address=127.0.0.1:56372
Begin MonoManager ReloadAssembly
Registering precompiled unity dll's ...
Register platform support module: C:/Program Files/Unity 2021.2.5f1c301/Editor/Data/PlaybackEngines/WebGLSupport/UnityEditor.WebGL.Extensions.dll
Register platform support module: C:/Program Files/Unity 2021.2.5f1c301/Editor/Data/PlaybackEngines/WindowsStandaloneSupport/UnityEditor.WindowsStandalone.Extensions.dll
Registered in 0.003455 seconds.
Native extension for WindowsStandalone target not found
Native extension for WebGL target not found
Refreshing native plugins compatible for Editor in 63.98 ms, found 3 plugins.
Preloading 0 native plugins for Editor in 0.00 ms.
Mono: successfully reloaded assembly
- Completed reload, in  0.523 seconds
Domain Reload Profiling:
	ReloadAssembly (524ms)
		BeginReloadAssembly (68ms)
			ExecutionOrderSort (0ms)
			DisableScriptedObjects (0ms)
			BackupInstance (0ms)
			ReleaseScriptingObjects (0ms)
			CreateAndSetChildDomain (1ms)
		EndReloadAssembly (390ms)
			LoadAssemblies (67ms)
			RebuildTransferFunctionScriptingTraits (0ms)
			SetupTypeCache (94ms)
			ReleaseScriptCaches (0ms)
			RebuildScriptCaches (27ms)
			SetupLoadedEditorAssemblies (226ms)
				LogAssemblyErrors (0ms)
				InitializePlatformSupportModulesInManaged (13ms)
				SetLoadedEditorAssemblies (0ms)
				RefreshPlugins (64ms)
				BeforeProcessingInitializeOnLoad (1ms)
				ProcessInitializeOnLoadAttributes (107ms)
				ProcessInitializeOnLoadMethodAttributes (41ms)
				AfterProcessingInitializeOnLoad (0ms)
				EditorAssembliesLoaded (0ms)
			ExecutionOrderSort2 (0ms)
			AwakeInstancesAfterBackupRestoration (0ms)
Platform modules already initialized, skipping
Registering precompiled user dll's ...
Registered in 0.002742 seconds.
Begin MonoManager ReloadAssembly
Symbol file LoadedFromMemory doesn't match image G:\Project_TD\Library\PackageCache\com.unity.visualscripting@1.7.5\Editor\VisualScripting.Core\Dependencies\YamlDotNet\Unity.VisualScripting.YamlDotNet.dll
Symbol file LoadedFromMemory doesn't match image G:\Project_TD\Library\PackageCache\com.unity.visualscripting@1.7.5\Editor\VisualScripting.Core\Dependencies\DotNetZip\Unity.VisualScripting.IonicZip.dll
Native extension for WindowsStandalone target not found
Native extension for WebGL target not found
Refreshing native plugins compatible for Editor in 0.38 ms, found 3 plugins.
Preloading 0 native plugins for Editor in 0.00 ms.
Mono: successfully reloaded assembly
- Completed reload, in  1.008 seconds
Domain Reload Profiling:
	ReloadAssembly (1009ms)
		BeginReloadAssembly (132ms)
			ExecutionOrderSort (0ms)
			DisableScriptedObjects (4ms)
			BackupInstance (0ms)
			ReleaseScriptingObjects (0ms)
			CreateAndSetChildDomain (15ms)
		EndReloadAssembly (801ms)
			LoadAssemblies (57ms)
			RebuildTransferFunctionScriptingTraits (0ms)
			SetupTypeCache (224ms)
			ReleaseScriptCaches (0ms)
			RebuildScriptCaches (53ms)
			SetupLoadedEditorAssemblies (301ms)
				LogAssemblyErrors (0ms)
				InitializePlatformSupportModulesInManaged (12ms)
				SetLoadedEditorAssemblies (0ms)
				RefreshPlugins (0ms)
				BeforeProcessingInitializeOnLoad (71ms)
				ProcessInitializeOnLoadAttributes (194ms)
				ProcessInitializeOnLoadMethodAttributes (19ms)
				AfterProcessingInitializeOnLoad (5ms)
				EditorAssembliesLoaded (0ms)
			ExecutionOrderSort2 (0ms)
			AwakeInstancesAfterBackupRestoration (6ms)
Platform modules already initialized, skipping
========================================================================
Worker process is ready to serve import requests
Launched and connected shader compiler UnityShaderCompiler.exe after 0.04 seconds
Refreshing native plugins compatible for Editor in 0.37 ms, found 3 plugins.
Preloading 0 native plugins for Editor in 0.00 ms.
Unloading 3212 Unused Serialized files (Serialized files now loaded: 0)
Unloading 24 unused Assets / (55.6 KB). Loaded Objects now: 3671.
Memory consumption went from 114.9 MB to 114.9 MB.
Total: 2.125700 ms (FindLiveObjects: 0.200100 ms CreateObjectMapping: 0.094300 ms MarkObjects: 1.757900 ms  DeleteObjects: 0.072100 ms)

AssetImportParameters requested are different than current active one (requested -> active):
  custom:video-decoder-ogg-theora: a1e56fd34408186e4bbccfd4996cb3dc -> 
  custom:container-muxer-webm: aa71ff27fc2769a1b78a27578f13a17b -> 
  custom:container-demuxer-webm: 4f35f7cbe854078d1ac9338744f61a02 -> 
  custom:video-encoder-webm-vp8: eb34c28f22e8b96e1ab97ce403110664 -> 
  custom:audio-encoder-webm-vorbis: bf7c407c2cedff20999df2af8eb42d56 -> 
  custom:framework-win-MediaFoundation: 216162199b28c13a410421893ffa2e32 -> 
  custom:container-demuxer-ogg: 62fdf1f143b41e24485cea50d1cbac27 -> 
  custom:video-decoder-webm-vp8: 9c59270c3fd7afecdb556c50c9e8de78 -> 
  custom:audio-decoder-ogg-vorbis: bf7c407c2cedff20999df2af8eb42d56 -> 
========================================================================
Received Import Request.
  Time since last request: 1134731.968036 seconds.
  path: Assets/Texture2D/ReviveCrystal.png
  artifactKey: Guid(2f0053eb14ff354459e638495f5dae1b) Importer(815301076,1909f56bfc062723c751e8b465ee728b)
Start importing Assets/Texture2D/ReviveCrystal.png using Guid(2f0053eb14ff354459e638495f5dae1b) Importer(815301076,1909f56bfc062723c751e8b465ee728b)  -> (artifact id: '5983c421f5fc503b825e81c8e06120b3') in 0.121656 seconds 
========================================================================
Received Import Request.
  Time since last request: 0.000035 seconds.
  path: Assets/Texture2D/TemporaryArrowTower.png
  artifactKey: Guid(9653ac190fec9c24ba27fca13450845d) Importer(815301076,1909f56bfc062723c751e8b465ee728b)
Start importing Assets/Texture2D/TemporaryArrowTower.png using Guid(9653ac190fec9c24ba27fca13450845d) Importer(815301076,1909f56bfc062723c751e8b465ee728b)  -> (artifact id: '223764180c92e06da869a043907ea28d') in 0.023379 seconds 
========================================================================
Received Import Request.
  Time since last request: 0.000048 seconds.
  path: Assets/Texture2D/UIMask.png
  artifactKey: Guid(2bb39139b185dc54b81716582d6b914e) Importer(815301076,1909f56bfc062723c751e8b465ee728b)
Start importing Assets/Texture2D/UIMask.png using Guid(2bb39139b185dc54b81716582d6b914e) Importer(815301076,1909f56bfc062723c751e8b465ee728b)  -> (artifact id: '198dde2a1d18ccf40971dcc70c147698') in 0.015331 seconds 
========================================================================
Received Import Request.
  Time since last request: 0.000029 seconds.
  path: Assets/Texture2D/Shadow.png
  artifactKey: Guid(afd9bacc939e96d469e8f056538c1d00) Importer(815301076,1909f56bfc062723c751e8b465ee728b)
Start importing Assets/Texture2D/Shadow.png using Guid(afd9bacc939e96d469e8f056538c1d00) Importer(815301076,1909f56bfc062723c751e8b465ee728b)  -> (artifact id: '32d1a1371485cc0f8d702ca58e3b5a50') in 0.020777 seconds 
========================================================================
Received Import Request.
  Time since last request: 0.000033 seconds.
  path: Assets/Texture2D/TemporaryHealCrystal.png
  artifactKey: Guid(d69bdcff459a04b4e944ef8f54fef244) Importer(815301076,1909f56bfc062723c751e8b465ee728b)
Start importing Assets/Texture2D/TemporaryHealCrystal.png using Guid(d69bdcff459a04b4e944ef8f54fef244) Importer(815301076,1909f56bfc062723c751e8b465ee728b)  -> (artifact id: '43a5434fac4a16e095ff578bb8e511ce') in 0.022999 seconds 
========================================================================
Received Import Request.
  Time since last request: 0.000030 seconds.
  path: Assets/Texture2D/TimeSliderHander.png
  artifactKey: Guid(5b4f060b5ee1a854297caeb3b0e49c29) Importer(815301076,1909f56bfc062723c751e8b465ee728b)
Start importing Assets/Texture2D/TimeSliderHander.png using Guid(5b4f060b5ee1a854297caeb3b0e49c29) Importer(815301076,1909f56bfc062723c751e8b465ee728b)  -> (artifact id: 'ee4b3f48cdacea42e10d8c552379c357') in 0.019921 seconds 
========================================================================
Received Import Request.
  Time since last request: 0.000051 seconds.
  path: Assets/Texture2D/StrengthArrowTower.png
  artifactKey: Guid(3975be4b2b89c4e4cb2591734e7ee9a7) Importer(815301076,1909f56bfc062723c751e8b465ee728b)
Start importing Assets/Texture2D/StrengthArrowTower.png using Guid(3975be4b2b89c4e4cb2591734e7ee9a7) Importer(815301076,1909f56bfc062723c751e8b465ee728b)  -> (artifact id: 'f2bd8338677343d2ba492bb26478a4bc') in 0.019723 seconds 
========================================================================
Received Import Request.
  Time since last request: 0.000031 seconds.
  path: Assets/Texture2D/Square.png
  artifactKey: Guid(9d1943ca8bbf5a246a0df28bf10002e0) Importer(815301076,1909f56bfc062723c751e8b465ee728b)
Start importing Assets/Texture2D/Square.png using Guid(9d1943ca8bbf5a246a0df28bf10002e0) Importer(815301076,1909f56bfc062723c751e8b465ee728b)  -> (artifact id: '3bc13f28c67638c52fb809b9fbb0ef73') in 0.020416 seconds 
========================================================================
Received Import Request.
  Time since last request: 0.000019 seconds.
  path: Assets/Texture2D/textfield hover.png
  artifactKey: Guid(cee5d1de9cdf7a94f868d084a2f058ed) Importer(815301076,1909f56bfc062723c751e8b465ee728b)
Start importing Assets/Texture2D/textfield hover.png using Guid(cee5d1de9cdf7a94f868d084a2f058ed) Importer(815301076,1909f56bfc062723c751e8b465ee728b)  -> (artifact id: '348c80c2d7355df25eb77b062449e9de') in 0.018548 seconds 
========================================================================
Received Import Request.
  Time since last request: 0.000018 seconds.
  path: Assets/Texture2D/SpotlightCrystal.png
  artifactKey: Guid(920947c5d4e34fb45adebe68ab2bb945) Importer(815301076,1909f56bfc062723c751e8b465ee728b)
Start importing Assets/Texture2D/SpotlightCrystal.png using Guid(920947c5d4e34fb45adebe68ab2bb945) Importer(815301076,1909f56bfc062723c751e8b465ee728b)  -> (artifact id: '09661398c2e2f06c99e5b2dfaf7d6368') in 0.017188 seconds 
========================================================================
Received Import Request.
  Time since last request: 74.111595 seconds.
  path: Assets/Texture2D/UnityWatermark-beta.png
  artifactKey: Guid(f687be09bc970704187503e511750ed6) Importer(815301076,1909f56bfc062723c751e8b465ee728b)
Start importing Assets/Texture2D/UnityWatermark-beta.png using Guid(f687be09bc970704187503e511750ed6) Importer(815301076,1909f56bfc062723c751e8b465ee728b)  -> (artifact id: '606074db03aa1c4ec18083dfdbf3f20f') in 0.018462 seconds 
========================================================================
Received Import Request.
  Time since last request: 0.000048 seconds.
  path: Assets/Texture2D/Wall.png
  artifactKey: Guid(963e96caaaef8ed47a14aa460fe26cc3) Importer(815301076,1909f56bfc062723c751e8b465ee728b)
Start importing Assets/Texture2D/Wall.png using Guid(963e96caaaef8ed47a14aa460fe26cc3) Importer(815301076,1909f56bfc062723c751e8b465ee728b)  -> (artifact id: '32c01bdaa031fe678d7c5852571c2d1d') in 0.022859 seconds 
========================================================================
Received Import Request.
  Time since last request: 0.000022 seconds.
  path: Assets/Texture2D/UnityWatermark-trial.png
  artifactKey: Guid(320e6281665165d4291702306071abc8) Importer(815301076,1909f56bfc062723c751e8b465ee728b)
Start importing Assets/Texture2D/UnityWatermark-trial.png using Guid(320e6281665165d4291702306071abc8) Importer(815301076,1909f56bfc062723c751e8b465ee728b)  -> (artifact id: 'e0b39bed42c6ccf228bf43fcf5cbaaab') in 0.014128 seconds 
========================================================================
Received Import Request.
  Time since last request: 0.000018 seconds.
  path: Assets/Texture2D/WindAccelerator.png
  artifactKey: Guid(608b48fca93822444bc9122dcacc85bf) Importer(815301076,1909f56bfc062723c751e8b465ee728b)
Start importing Assets/Texture2D/WindAccelerator.png using Guid(608b48fca93822444bc9122dcacc85bf) Importer(815301076,1909f56bfc062723c751e8b465ee728b)  -> (artifact id: '893104fee235ea4a885a07067ad9bbff') in 0.017426 seconds 
========================================================================
Received Import Request.
  Time since last request: 0.000044 seconds.
  path: Assets/Texture2D/主菜单遮罩 3.png
  artifactKey: Guid(687fedc2ee94e1046b02cee9452d304d) Importer(815301076,1909f56bfc062723c751e8b465ee728b)
Start importing Assets/Texture2D/主菜单遮罩 3.png using Guid(687fedc2ee94e1046b02cee9452d304d) Importer(815301076,1909f56bfc062723c751e8b465ee728b)  -> (artifact id: '89f97ca23286c492a5d595d6ce6d6a75') in 0.105842 seconds 
========================================================================
Received Import Request.
  Time since last request: 0.000032 seconds.
  path: Assets/Texture2D/UnityWatermarkPlugin-beta.png
  artifactKey: Guid(9f59e8f63b9077d4bb85ececa37a8788) Importer(815301076,1909f56bfc062723c751e8b465ee728b)
Start importing Assets/Texture2D/UnityWatermarkPlugin-beta.png using Guid(9f59e8f63b9077d4bb85ececa37a8788) Importer(815301076,1909f56bfc062723c751e8b465ee728b)  -> (artifact id: '0187dd42f82464af089429e33dc174b9') in 0.015494 seconds 
========================================================================
Received Import Request.
  Time since last request: 0.000037 seconds.
  path: Assets/Texture2D/Windy.png
  artifactKey: Guid(a8a0210742086a1488c4e82e7fae74b7) Importer(815301076,1909f56bfc062723c751e8b465ee728b)
Start importing Assets/Texture2D/Windy.png using Guid(a8a0210742086a1488c4e82e7fae74b7) Importer(815301076,1909f56bfc062723c751e8b465ee728b)  -> (artifact id: '941535c436897e286ed462d32973e9d4') in 0.018745 seconds 
========================================================================
Received Import Request.
  Time since last request: 0.000023 seconds.
  path: Assets/Texture2D/window.png
  artifactKey: Guid(4a061078d4e24af41a26df99e7f225e0) Importer(815301076,1909f56bfc062723c751e8b465ee728b)
Start importing Assets/Texture2D/window.png using Guid(4a061078d4e24af41a26df99e7f225e0) Importer(815301076,1909f56bfc062723c751e8b465ee728b)  -> (artifact id: '7cce7559c674e97bf540fa27250cd51d') in 0.014281 seconds 
========================================================================
Received Import Request.
  Time since last request: 0.000020 seconds.
  path: Assets/Texture2D/UnityWatermark-trial-big.png
  artifactKey: Guid(bedb31e11b01b8244870fbc20ea2cf6c) Importer(815301076,1909f56bfc062723c751e8b465ee728b)
Start importing Assets/Texture2D/UnityWatermark-trial-big.png using Guid(bedb31e11b01b8244870fbc20ea2cf6c) Importer(815301076,1909f56bfc062723c751e8b465ee728b)  -> (artifact id: '52c878ba1d3c509c948eaf37ad9dee46') in 0.024053 seconds 
========================================================================
Received Import Request.
  Time since last request: 0.000022 seconds.
  path: Assets/Texture2D/verticalslider.png
  artifactKey: Guid(0ef01b70377fd564e94304e267274585) Importer(815301076,1909f56bfc062723c751e8b465ee728b)
Start importing Assets/Texture2D/verticalslider.png using Guid(0ef01b70377fd564e94304e267274585) Importer(815301076,1909f56bfc062723c751e8b465ee728b)  -> (artifact id: 'db8f3398450464b06bf956a25bda7911') in 0.018963 seconds 
========================================================================
Received Import Request.
  Time since last request: 0.000028 seconds.
  path: Assets/Texture2D/window on.png
  artifactKey: Guid(f351c6f66587b5147ac0da2300d6040c) Importer(815301076,1909f56bfc062723c751e8b465ee728b)
Start importing Assets/Texture2D/window on.png using Guid(f351c6f66587b5147ac0da2300d6040c) Importer(815301076,1909f56bfc062723c751e8b465ee728b)  -> (artifact id: '1e0b58d3d59888504fe7493569f6ea32') in 0.017578 seconds 
========================================================================
Received Import Request.
  Time since last request: 0.000036 seconds.
  path: Assets/Texture2D/vertical scrollbar.png
  artifactKey: Guid(089f6be41d155cc49a5a756dd32afd02) Importer(815301076,1909f56bfc062723c751e8b465ee728b)
Start importing Assets/Texture2D/vertical scrollbar.png using Guid(089f6be41d155cc49a5a756dd32afd02) Importer(815301076,1909f56bfc062723c751e8b465ee728b)  -> (artifact id: 'ef380b69a6b2a4c78b4773c9efeef76d') in 0.015307 seconds 
Editor requested this worker to shutdown with reason: Scaling down because of idle timeout
AssetImportWorker is now disconnected from the server
Process exiting
Exiting without the bug reporter. Application will terminate with return code 0